<?xml version="1.0" encoding="UTF-8"?>
<testng-results skipped="0" failed="0" ignored="0" total="2" passed="2">
  <reporter-output>
  </reporter-output>
  <suite name="MK Test Automation Test Suite" duration-ms="37653" started-at="2018-08-16T04:17:56Z" finished-at="2018-08-16T04:18:33Z">
    <groups>
      <group name="cucumber">
        <method signature="AbstractTestNGCucumberTests.feature(cucumber.api.testng.CucumberFeatureWrapper)[pri:0, instance:com.mk.test.TestRunner2@df27fae]" name="feature" class="cucumber.api.testng.AbstractTestNGCucumberTests"/>
        <method signature="AbstractTestNGCucumberTests.feature(cucumber.api.testng.CucumberFeatureWrapper)[pri:0, instance:com.mk.test.TestRunner@24a35978]" name="feature" class="cucumber.api.testng.AbstractTestNGCucumberTests"/>
      </group> <!-- cucumber -->
    </groups>
    <test name="MK App Test Cases" duration-ms="37653" started-at="2018-08-16T04:17:56Z" finished-at="2018-08-16T04:18:33Z">
      <class name="com.mk.test.TestRunner2">
        <test-method status="PASS" signature="setUpClass()[pri:0, instance:com.mk.test.TestRunner2@df27fae]" name="setUpClass" is-config="true" duration-ms="293" started-at="2018-08-16T04:17:56Z" finished-at="2018-08-16T04:17:56Z">
          <reporter-output>
          </reporter-output>
        </test-method> <!-- setUpClass -->
        <test-method status="PASS" signature="feature(cucumber.api.testng.CucumberFeatureWrapper)[pri:0, instance:com.mk.test.TestRunner2@df27fae]" name="feature" duration-ms="18501" started-at="2018-08-16T04:17:56Z" description="Runs Cucumber Feature" data-provider="features" finished-at="2018-08-16T04:18:15Z">
          <params>
            <param index="0">
              <value>
                <![CDATA[Navigate to PLP]]>
              </value>
            </param>
          </params>
          <reporter-output>
          </reporter-output>
        </test-method> <!-- feature -->
        <test-method status="PASS" signature="tearDownClass()[pri:0, instance:com.mk.test.TestRunner2@df27fae]" name="tearDownClass" is-config="true" duration-ms="174" started-at="2018-08-16T04:18:15Z" finished-at="2018-08-16T04:18:15Z">
          <reporter-output>
          </reporter-output>
        </test-method> <!-- tearDownClass -->
      </class> <!-- com.mk.test.TestRunner2 -->
      <class name="com.mk.test.TestRunner">
        <test-method status="PASS" signature="setUpClass()[pri:0, instance:com.mk.test.TestRunner@24a35978]" name="setUpClass" is-config="true" duration-ms="22" started-at="2018-08-16T04:18:15Z" finished-at="2018-08-16T04:18:15Z">
          <reporter-output>
          </reporter-output>
        </test-method> <!-- setUpClass -->
        <test-method status="PASS" signature="feature(cucumber.api.testng.CucumberFeatureWrapper)[pri:0, instance:com.mk.test.TestRunner@24a35978]" name="feature" duration-ms="18480" started-at="2018-08-16T04:18:15Z" description="Runs Cucumber Feature" data-provider="features" finished-at="2018-08-16T04:18:33Z">
          <params>
            <param index="0">
              <value>
                <![CDATA[Navigate to PLP]]>
              </value>
            </param>
          </params>
          <reporter-output>
          </reporter-output>
        </test-method> <!-- feature -->
        <test-method status="PASS" signature="tearDownClass()[pri:0, instance:com.mk.test.TestRunner@24a35978]" name="tearDownClass" is-config="true" duration-ms="59" started-at="2018-08-16T04:18:33Z" finished-at="2018-08-16T04:18:33Z">
          <reporter-output>
          </reporter-output>
        </test-method> <!-- tearDownClass -->
      </class> <!-- com.mk.test.TestRunner -->
    </test> <!-- MK App Test Cases -->
  </suite> <!-- MK Test Automation Test Suite -->
</testng-results>
