<?xml version="1.0" encoding="UTF-8"?>
<!-- Generated by org.testng.reporters.JUnitXMLReporter -->
<testsuite hostname="Harish" ignored="0" name="MK App Test Cases" tests="2" failures="0" timestamp="16 Aug 2018 04:18:33 GMT" time="37.653" errors="0">
  <testcase name="feature" time="18.501" classname="cucumber.api.testng.AbstractTestNGCucumberTests"/>
  <testcase name="feature" time="18.48" classname="cucumber.api.testng.AbstractTestNGCucumberTests"/>
</testsuite> <!-- MK App Test Cases -->
